Add Component: Footprint Not Found TE_282837-2
Add Component: Footprint Not Found DIP794W45P254L1969H508Q14
Add Pin To Net: Unknown Pin: Pin D1-1
Add Pin To Net: Unknown Pin: Pin D3-2
Add Pin To Net: Unknown Pin: Pin D4-1
Added Pin To Net: NetName=GND Pin=J5-3
Add Pin To Net: Unknown Pin: Pin piston1-2
Add Pin To Net: Unknown Pin: Pin R1-1
Add Pin To Net: Unknown Pin: Pin R2-1
Add Pin To Net: Unknown Pin: Pin R5-1
Add Pin To Net: Unknown Pin: Pin R6-1
Added Pin To Net: NetName=GND Pin=U1-8
Add Pin To Net: Unknown Pin: Pin U3-4
Add Pin To Net: Unknown Pin: Pin U3-11
Change Net Name : Old Net Name=GND New Net Name=D+
Added Net: Name=NetD1_2
Added Net: Name=NetD2_2
Added Net: Name=NetD3_1
Added Net: Name=NetD4_2
Added Net: Name=NetQ2_2
Added Net: Name=NetQ2_3
Added Net: Name=NetR3_1
Added Pin To Net: NetName=Pwm3 Pin=U1-25
Added Net: Name=Pwm3
Added Pin To Net: NetName=Pwm4 Pin=U1-26
Added Net: Name=Pwm4
Add Differential Pair: Number of nets in differential pair D+ is 1 instead of 2
Add Differential Pair: Number of nets in differential pair D- is 1 instead of 2
Add Class Member: Failed to add class member : Component D1 Light-Emitting Diode
Add Class Member: Failed to add class member : Component D2 Light-Emitting Diode
Add Class Member: Failed to add class member : Component D3 Diode
Add Class Member: Failed to add class member : Component D4 Zener Diode
Add Class Member: Failed to add class member : Component piston1 282837-2
Add Class Member: Failed to add class member : Component Q2 Bipolar NPN 3 Pins Transistor Gummel-Poon Model
Add Class Member: Failed to add class member : Component R1 Resistor
Add Class Member: Failed to add class member : Component R2 Resistor
Add Class Member: Failed to add class member : Component R3 Resistor
Add Class Member: Failed to add class member : Component R4 Resistor
Add Class Member: Failed to add class member : Component R5 Resistor
Add Class Member: Failed to add class member : Component R6 Resistor
Add Class Member: Failed to add class member : Component U3 LM324NE3
Added Rule: Name=Schematic Supply Nets_5
